
*** Running vivado
    with args -log Datapath.vds -m64 -product Vivado -mode batch -messageDb vivado.pb -notrace -source Datapath.tcl



****** Vivado v2024.2 (64-bit)
  **** SW Build 5239630 on Fri Nov 08 22:35:27 MST 2024
  **** IP Build 5239520 on Sun Nov 10 16:12:51 MST 2024
  **** SharedData Build 5239561 on Fri Nov 08 14:39:27 MST 2024
  **** Start of session at: Thu May  8 16:21:36 2025
    ** Copyright 1986-2022 Xilinx, Inc. All Rights Reserved.
    ** Copyright 2022-2024 Advanced Micro Devices, Inc. All Rights Reserved.

source Datapath.tcl -notrace
Command: read_checkpoint -auto_incremental -incremental C:/Users/zdano/Downloads/MichalZdanowiczFinalProjectCMPEN331/MichalZdanowiczFinalProjectPart1/MichalZdanowiczFinalProjectPart1.srcs/utils_1/imports/synth_1/Datapath.dcp
INFO: [Vivado 12-5825] Read reference checkpoint from C:/Users/zdano/Downloads/MichalZdanowiczFinalProjectCMPEN331/MichalZdanowiczFinalProjectPart1/MichalZdanowiczFinalProjectPart1.srcs/utils_1/imports/synth_1/Datapath.dcp for incremental synthesis
INFO: [Vivado 12-7989] Please ensure there are no constraint changes
Command: synth_design -top Datapath -part xc7z010clg400-1
Starting synth_design
Attempting to get a license for feature 'Synthesis' and/or device 'xc7z010'
INFO: [Common 17-349] Got license for feature 'Synthesis' and/or device 'xc7z010'
INFO: [Designutils 20-5440] No compile time benefit to using incremental synthesis; A full resynthesis will be run
INFO: [Designutils 20-4379] Flow is switching to default flow due to incremental criteria not met. If you would like to alter this behaviour and have the flow terminate instead, please set the following parameter config_implementation {autoIncr.Synth.RejectBehavior Terminate}
INFO: [Synth 8-7079] Multithreading enabled for synth_design using a maximum of 2 processes.
INFO: [Synth 8-7078] Launching helper process for spawning children vivado processes
INFO: [Synth 8-7075] Helper process launched with PID 19572
---------------------------------------------------------------------------------
Starting Synthesize : Time (s): cpu = 00:00:05 ; elapsed = 00:00:06 . Memory (MB): peak = 849.355 ; gain = 473.582
---------------------------------------------------------------------------------
INFO: [Synth 8-6157] synthesizing module 'Datapath' [C:/Users/zdano/Downloads/MichalZdanowiczFinalProjectCMPEN331/MichalZdanowiczFinalProjectPart1/MichalZdanowiczFinalProjectPart1.srcs/sources_1/new/cpu.v:462]
INFO: [Synth 8-6157] synthesizing module 'ProgramCounter' [C:/Users/zdano/Downloads/MichalZdanowiczFinalProjectCMPEN331/MichalZdanowiczFinalProjectPart1/MichalZdanowiczFinalProjectPart1.srcs/sources_1/new/cpu.v:22]
INFO: [Synth 8-6155] done synthesizing module 'ProgramCounter' (0#1) [C:/Users/zdano/Downloads/MichalZdanowiczFinalProjectCMPEN331/MichalZdanowiczFinalProjectPart1/MichalZdanowiczFinalProjectPart1.srcs/sources_1/new/cpu.v:22]
INFO: [Synth 8-6157] synthesizing module 'PcAdder' [C:/Users/zdano/Downloads/MichalZdanowiczFinalProjectCMPEN331/MichalZdanowiczFinalProjectPart1/MichalZdanowiczFinalProjectPart1.srcs/sources_1/new/cpu.v:64]
INFO: [Synth 8-6155] done synthesizing module 'PcAdder' (0#1) [C:/Users/zdano/Downloads/MichalZdanowiczFinalProjectCMPEN331/MichalZdanowiczFinalProjectPart1/MichalZdanowiczFinalProjectPart1.srcs/sources_1/new/cpu.v:64]
INFO: [Synth 8-6157] synthesizing module 'InstructionMemory' [C:/Users/zdano/Downloads/MichalZdanowiczFinalProjectCMPEN331/MichalZdanowiczFinalProjectPart1/MichalZdanowiczFinalProjectPart1.srcs/sources_1/new/cpu.v:40]
INFO: [Synth 8-6155] done synthesizing module 'InstructionMemory' (0#1) [C:/Users/zdano/Downloads/MichalZdanowiczFinalProjectCMPEN331/MichalZdanowiczFinalProjectPart1/MichalZdanowiczFinalProjectPart1.srcs/sources_1/new/cpu.v:40]
INFO: [Synth 8-6157] synthesizing module 'IfidPiplineRegister' [C:/Users/zdano/Downloads/MichalZdanowiczFinalProjectCMPEN331/MichalZdanowiczFinalProjectPart1/MichalZdanowiczFinalProjectPart1.srcs/sources_1/new/cpu.v:76]
INFO: [Synth 8-6155] done synthesizing module 'IfidPiplineRegister' (0#1) [C:/Users/zdano/Downloads/MichalZdanowiczFinalProjectCMPEN331/MichalZdanowiczFinalProjectPart1/MichalZdanowiczFinalProjectPart1.srcs/sources_1/new/cpu.v:76]
INFO: [Synth 8-6157] synthesizing module 'ControlUnit' [C:/Users/zdano/Downloads/MichalZdanowiczFinalProjectCMPEN331/MichalZdanowiczFinalProjectPart1/MichalZdanowiczFinalProjectPart1.srcs/sources_1/new/cpu.v:90]
INFO: [Synth 8-155] case statement is not full and has no default [C:/Users/zdano/Downloads/MichalZdanowiczFinalProjectCMPEN331/MichalZdanowiczFinalProjectPart1/MichalZdanowiczFinalProjectPart1.srcs/sources_1/new/cpu.v:120]
INFO: [Synth 8-155] case statement is not full and has no default [C:/Users/zdano/Downloads/MichalZdanowiczFinalProjectCMPEN331/MichalZdanowiczFinalProjectPart1/MichalZdanowiczFinalProjectPart1.srcs/sources_1/new/cpu.v:114]
INFO: [Synth 8-6155] done synthesizing module 'ControlUnit' (0#1) [C:/Users/zdano/Downloads/MichalZdanowiczFinalProjectCMPEN331/MichalZdanowiczFinalProjectPart1/MichalZdanowiczFinalProjectPart1.srcs/sources_1/new/cpu.v:90]
INFO: [Synth 8-6157] synthesizing module 'ForwardingMuxA' [C:/Users/zdano/Downloads/MichalZdanowiczFinalProjectCMPEN331/MichalZdanowiczFinalProjectPart1/MichalZdanowiczFinalProjectPart1.srcs/sources_1/new/cpu.v:164]
INFO: [Synth 8-6155] done synthesizing module 'ForwardingMuxA' (0#1) [C:/Users/zdano/Downloads/MichalZdanowiczFinalProjectCMPEN331/MichalZdanowiczFinalProjectPart1/MichalZdanowiczFinalProjectPart1.srcs/sources_1/new/cpu.v:164]
INFO: [Synth 8-6157] synthesizing module 'ForwardingMuxB' [C:/Users/zdano/Downloads/MichalZdanowiczFinalProjectCMPEN331/MichalZdanowiczFinalProjectPart1/MichalZdanowiczFinalProjectPart1.srcs/sources_1/new/cpu.v:183]
INFO: [Synth 8-6155] done synthesizing module 'ForwardingMuxB' (0#1) [C:/Users/zdano/Downloads/MichalZdanowiczFinalProjectCMPEN331/MichalZdanowiczFinalProjectPart1/MichalZdanowiczFinalProjectPart1.srcs/sources_1/new/cpu.v:183]
INFO: [Synth 8-6157] synthesizing module 'RegrtMultiplexer' [C:/Users/zdano/Downloads/MichalZdanowiczFinalProjectCMPEN331/MichalZdanowiczFinalProjectPart1/MichalZdanowiczFinalProjectPart1.srcs/sources_1/new/cpu.v:204]
INFO: [Synth 8-6155] done synthesizing module 'RegrtMultiplexer' (0#1) [C:/Users/zdano/Downloads/MichalZdanowiczFinalProjectCMPEN331/MichalZdanowiczFinalProjectPart1/MichalZdanowiczFinalProjectPart1.srcs/sources_1/new/cpu.v:204]
INFO: [Synth 8-6157] synthesizing module 'RegisterFile' [C:/Users/zdano/Downloads/MichalZdanowiczFinalProjectCMPEN331/MichalZdanowiczFinalProjectPart1/MichalZdanowiczFinalProjectPart1.srcs/sources_1/new/cpu.v:222]
INFO: [Synth 8-6155] done synthesizing module 'RegisterFile' (0#1) [C:/Users/zdano/Downloads/MichalZdanowiczFinalProjectCMPEN331/MichalZdanowiczFinalProjectPart1/MichalZdanowiczFinalProjectPart1.srcs/sources_1/new/cpu.v:222]
WARNING: [Synth 8-7071] port 'i' of module 'RegisterFile' is unconnected for instance 'RegisterFileInstance' [C:/Users/zdano/Downloads/MichalZdanowiczFinalProjectCMPEN331/MichalZdanowiczFinalProjectPart1/MichalZdanowiczFinalProjectPart1.srcs/sources_1/new/cpu.v:587]
WARNING: [Synth 8-7023] instance 'RegisterFileInstance' of module 'RegisterFile' has 9 connections declared, but only 8 given [C:/Users/zdano/Downloads/MichalZdanowiczFinalProjectCMPEN331/MichalZdanowiczFinalProjectPart1/MichalZdanowiczFinalProjectPart1.srcs/sources_1/new/cpu.v:587]
INFO: [Synth 8-6157] synthesizing module 'ImmediateExtender' [C:/Users/zdano/Downloads/MichalZdanowiczFinalProjectCMPEN331/MichalZdanowiczFinalProjectPart1/MichalZdanowiczFinalProjectPart1.srcs/sources_1/new/cpu.v:267]
INFO: [Synth 8-6155] done synthesizing module 'ImmediateExtender' (0#1) [C:/Users/zdano/Downloads/MichalZdanowiczFinalProjectCMPEN331/MichalZdanowiczFinalProjectPart1/MichalZdanowiczFinalProjectPart1.srcs/sources_1/new/cpu.v:267]
INFO: [Synth 8-6157] synthesizing module 'IdexePipelineRegister' [C:/Users/zdano/Downloads/MichalZdanowiczFinalProjectCMPEN331/MichalZdanowiczFinalProjectPart1/MichalZdanowiczFinalProjectPart1.srcs/sources_1/new/cpu.v:287]
INFO: [Synth 8-6155] done synthesizing module 'IdexePipelineRegister' (0#1) [C:/Users/zdano/Downloads/MichalZdanowiczFinalProjectCMPEN331/MichalZdanowiczFinalProjectPart1/MichalZdanowiczFinalProjectPart1.srcs/sources_1/new/cpu.v:287]
INFO: [Synth 8-6157] synthesizing module 'ALUMux' [C:/Users/zdano/Downloads/MichalZdanowiczFinalProjectCMPEN331/MichalZdanowiczFinalProjectPart1/MichalZdanowiczFinalProjectPart1.srcs/sources_1/new/cpu.v:325]
INFO: [Synth 8-6155] done synthesizing module 'ALUMux' (0#1) [C:/Users/zdano/Downloads/MichalZdanowiczFinalProjectCMPEN331/MichalZdanowiczFinalProjectPart1/MichalZdanowiczFinalProjectPart1.srcs/sources_1/new/cpu.v:325]
INFO: [Synth 8-6157] synthesizing module 'ALU' [C:/Users/zdano/Downloads/MichalZdanowiczFinalProjectCMPEN331/MichalZdanowiczFinalProjectPart1/MichalZdanowiczFinalProjectPart1.srcs/sources_1/new/cpu.v:343]
INFO: [Synth 8-6155] done synthesizing module 'ALU' (0#1) [C:/Users/zdano/Downloads/MichalZdanowiczFinalProjectCMPEN331/MichalZdanowiczFinalProjectPart1/MichalZdanowiczFinalProjectPart1.srcs/sources_1/new/cpu.v:343]
INFO: [Synth 8-6157] synthesizing module 'EXEMEMPipelineRegister' [C:/Users/zdano/Downloads/MichalZdanowiczFinalProjectCMPEN331/MichalZdanowiczFinalProjectPart1/MichalZdanowiczFinalProjectPart1.srcs/sources_1/new/cpu.v:362]
INFO: [Synth 8-6155] done synthesizing module 'EXEMEMPipelineRegister' (0#1) [C:/Users/zdano/Downloads/MichalZdanowiczFinalProjectCMPEN331/MichalZdanowiczFinalProjectPart1/MichalZdanowiczFinalProjectPart1.srcs/sources_1/new/cpu.v:362]
INFO: [Synth 8-6157] synthesizing module 'DataMemory' [C:/Users/zdano/Downloads/MichalZdanowiczFinalProjectCMPEN331/MichalZdanowiczFinalProjectPart1/MichalZdanowiczFinalProjectPart1.srcs/sources_1/new/cpu.v:388]
INFO: [Synth 8-6155] done synthesizing module 'DataMemory' (0#1) [C:/Users/zdano/Downloads/MichalZdanowiczFinalProjectCMPEN331/MichalZdanowiczFinalProjectPart1/MichalZdanowiczFinalProjectPart1.srcs/sources_1/new/cpu.v:388]
INFO: [Synth 8-6157] synthesizing module 'MEMWBPipelineRegister' [C:/Users/zdano/Downloads/MichalZdanowiczFinalProjectCMPEN331/MichalZdanowiczFinalProjectPart1/MichalZdanowiczFinalProjectPart1.srcs/sources_1/new/cpu.v:423]
INFO: [Synth 8-6155] done synthesizing module 'MEMWBPipelineRegister' (0#1) [C:/Users/zdano/Downloads/MichalZdanowiczFinalProjectCMPEN331/MichalZdanowiczFinalProjectPart1/MichalZdanowiczFinalProjectPart1.srcs/sources_1/new/cpu.v:423]
INFO: [Synth 8-6157] synthesizing module 'WbMux' [C:/Users/zdano/Downloads/MichalZdanowiczFinalProjectCMPEN331/MichalZdanowiczFinalProjectPart1/MichalZdanowiczFinalProjectPart1.srcs/sources_1/new/cpu.v:445]
INFO: [Synth 8-6155] done synthesizing module 'WbMux' (0#1) [C:/Users/zdano/Downloads/MichalZdanowiczFinalProjectCMPEN331/MichalZdanowiczFinalProjectPart1/MichalZdanowiczFinalProjectPart1.srcs/sources_1/new/cpu.v:445]
INFO: [Synth 8-6155] done synthesizing module 'Datapath' (0#1) [C:/Users/zdano/Downloads/MichalZdanowiczFinalProjectCMPEN331/MichalZdanowiczFinalProjectPart1/MichalZdanowiczFinalProjectPart1.srcs/sources_1/new/cpu.v:462]
WARNING: [Synth 8-3848] Net i in module/entity RegisterFile does not have driver. [C:/Users/zdano/Downloads/MichalZdanowiczFinalProjectCMPEN331/MichalZdanowiczFinalProjectPart1/MichalZdanowiczFinalProjectPart1.srcs/sources_1/new/cpu.v:231]
WARNING: [Synth 8-7129] Port mr[31] in module DataMemory is either unconnected or has no load
WARNING: [Synth 8-7129] Port mr[30] in module DataMemory is either unconnected or has no load
WARNING: [Synth 8-7129] Port mr[29] in module DataMemory is either unconnected or has no load
WARNING: [Synth 8-7129] Port mr[28] in module DataMemory is either unconnected or has no load
WARNING: [Synth 8-7129] Port mr[27] in module DataMemory is either unconnected or has no load
WARNING: [Synth 8-7129] Port mr[26] in module DataMemory is either unconnected or has no load
WARNING: [Synth 8-7129] Port mr[25] in module DataMemory is either unconnected or has no load
WARNING: [Synth 8-7129] Port mr[24] in module DataMemory is either unconnected or has no load
WARNING: [Synth 8-7129] Port mr[23] in module DataMemory is either unconnected or has no load
WARNING: [Synth 8-7129] Port mr[22] in module DataMemory is either unconnected or has no load
WARNING: [Synth 8-7129] Port mr[21] in module DataMemory is either unconnected or has no load
WARNING: [Synth 8-7129] Port mr[20] in module DataMemory is either unconnected or has no load
WARNING: [Synth 8-7129] Port mr[19] in module DataMemory is either unconnected or has no load
WARNING: [Synth 8-7129] Port mr[18] in module DataMemory is either unconnected or has no load
WARNING: [Synth 8-7129] Port mr[17] in module DataMemory is either unconnected or has no load
WARNING: [Synth 8-7129] Port mr[16] in module DataMemory is either unconnected or has no load
WARNING: [Synth 8-7129] Port mr[15] in module DataMemory is either unconnected or has no load
WARNING: [Synth 8-7129] Port mr[14] in module DataMemory is either unconnected or has no load
WARNING: [Synth 8-7129] Port mr[13] in module DataMemory is either unconnected or has no load
WARNING: [Synth 8-7129] Port mr[12] in module DataMemory is either unconnected or has no load
WARNING: [Synth 8-7129] Port mr[11] in module DataMemory is either unconnected or has no load
WARNING: [Synth 8-7129] Port mr[10] in module DataMemory is either unconnected or has no load
WARNING: [Synth 8-7129] Port mr[9] in module DataMemory is either unconnected or has no load
WARNING: [Synth 8-7129] Port mr[8] in module DataMemory is either unconnected or has no load
WARNING: [Synth 8-7129] Port mr[1] in module DataMemory is either unconnected or has no load
WARNING: [Synth 8-7129] Port mr[0] in module DataMemory is either unconnected or has no load
WARNING: [Synth 8-7129] Port i[31] in module RegisterFile is either unconnected or has no load
WARNING: [Synth 8-7129] Port i[30] in module RegisterFile is either unconnected or has no load
WARNING: [Synth 8-7129] Port i[29] in module RegisterFile is either unconnected or has no load
WARNING: [Synth 8-7129] Port i[28] in module RegisterFile is either unconnected or has no load
WARNING: [Synth 8-7129] Port i[27] in module RegisterFile is either unconnected or has no load
WARNING: [Synth 8-7129] Port i[26] in module RegisterFile is either unconnected or has no load
WARNING: [Synth 8-7129] Port i[25] in module RegisterFile is either unconnected or has no load
WARNING: [Synth 8-7129] Port i[24] in module RegisterFile is either unconnected or has no load
WARNING: [Synth 8-7129] Port i[23] in module RegisterFile is either unconnected or has no load
WARNING: [Synth 8-7129] Port i[22] in module RegisterFile is either unconnected or has no load
WARNING: [Synth 8-7129] Port i[21] in module RegisterFile is either unconnected or has no load
WARNING: [Synth 8-7129] Port i[20] in module RegisterFile is either unconnected or has no load
WARNING: [Synth 8-7129] Port i[19] in module RegisterFile is either unconnected or has no load
WARNING: [Synth 8-7129] Port i[18] in module RegisterFile is either unconnected or has no load
WARNING: [Synth 8-7129] Port i[17] in module RegisterFile is either unconnected or has no load
WARNING: [Synth 8-7129] Port i[16] in module RegisterFile is either unconnected or has no load
WARNING: [Synth 8-7129] Port i[15] in module RegisterFile is either unconnected or has no load
WARNING: [Synth 8-7129] Port i[14] in module RegisterFile is either unconnected or has no load
WARNING: [Synth 8-7129] Port i[13] in module RegisterFile is either unconnected or has no load
WARNING: [Synth 8-7129] Port i[12] in module RegisterFile is either unconnected or has no load
WARNING: [Synth 8-7129] Port i[11] in module RegisterFile is either unconnected or has no load
WARNING: [Synth 8-7129] Port i[10] in module RegisterFile is either unconnected or has no load
WARNING: [Synth 8-7129] Port i[9] in module RegisterFile is either unconnected or has no load
WARNING: [Synth 8-7129] Port i[8] in module RegisterFile is either unconnected or has no load
WARNING: [Synth 8-7129] Port i[7] in module RegisterFile is either unconnected or has no load
WARNING: [Synth 8-7129] Port i[6] in module RegisterFile is either unconnected or has no load
WARNING: [Synth 8-7129] Port i[5] in module RegisterFile is either unconnected or has no load
WARNING: [Synth 8-7129] Port i[4] in module RegisterFile is either unconnected or has no load
WARNING: [Synth 8-7129] Port i[3] in module RegisterFile is either unconnected or has no load
WARNING: [Synth 8-7129] Port i[2] in module RegisterFile is either unconnected or has no load
WARNING: [Synth 8-7129] Port i[1] in module RegisterFile is either unconnected or has no load
WARNING: [Synth 8-7129] Port i[0] in module RegisterFile is either unconnected or has no load
WARNING: [Synth 8-7129] Port pc[31] in module InstructionMemory is either unconnected or has no load
WARNING: [Synth 8-7129] Port pc[30] in module InstructionMemory is either unconnected or has no load
WARNING: [Synth 8-7129] Port pc[29] in module InstructionMemory is either unconnected or has no load
WARNING: [Synth 8-7129] Port pc[28] in module InstructionMemory is either unconnected or has no load
WARNING: [Synth 8-7129] Port pc[27] in module InstructionMemory is either unconnected or has no load
WARNING: [Synth 8-7129] Port pc[26] in module InstructionMemory is either unconnected or has no load
WARNING: [Synth 8-7129] Port pc[25] in module InstructionMemory is either unconnected or has no load
WARNING: [Synth 8-7129] Port pc[24] in module InstructionMemory is either unconnected or has no load
WARNING: [Synth 8-7129] Port pc[23] in module InstructionMemory is either unconnected or has no load
WARNING: [Synth 8-7129] Port pc[22] in module InstructionMemory is either unconnected or has no load
WARNING: [Synth 8-7129] Port pc[21] in module InstructionMemory is either unconnected or has no load
WARNING: [Synth 8-7129] Port pc[20] in module InstructionMemory is either unconnected or has no load
WARNING: [Synth 8-7129] Port pc[19] in module InstructionMemory is either unconnected or has no load
WARNING: [Synth 8-7129] Port pc[18] in module InstructionMemory is either unconnected or has no load
WARNING: [Synth 8-7129] Port pc[17] in module InstructionMemory is either unconnected or has no load
WARNING: [Synth 8-7129] Port pc[16] in module InstructionMemory is either unconnected or has no load
WARNING: [Synth 8-7129] Port pc[15] in module InstructionMemory is either unconnected or has no load
WARNING: [Synth 8-7129] Port pc[14] in module InstructionMemory is either unconnected or has no load
WARNING: [Synth 8-7129] Port pc[13] in module InstructionMemory is either unconnected or has no load
WARNING: [Synth 8-7129] Port pc[12] in module InstructionMemory is either unconnected or has no load
WARNING: [Synth 8-7129] Port pc[11] in module InstructionMemory is either unconnected or has no load
WARNING: [Synth 8-7129] Port pc[10] in module InstructionMemory is either unconnected or has no load
WARNING: [Synth 8-7129] Port pc[9] in module InstructionMemory is either unconnected or has no load
WARNING: [Synth 8-7129] Port pc[8] in module InstructionMemory is either unconnected or has no load
WARNING: [Synth 8-7129] Port pc[1] in module InstructionMemory is either unconnected or has no load
WARNING: [Synth 8-7129] Port pc[0] in module InstructionMemory is either unconnected or has no load
---------------------------------------------------------------------------------
Finished Synthesize : Time (s): cpu = 00:00:07 ; elapsed = 00:00:08 . Memory (MB): peak = 956.453 ; gain = 580.680
---------------------------------------------------------------------------------
---------------------------------------------------------------------------------
Finished Constraint Validation : Time (s): cpu = 00:00:08 ; elapsed = 00:00:09 . Memory (MB): peak = 956.453 ; gain = 580.680
---------------------------------------------------------------------------------
---------------------------------------------------------------------------------
Start Loading Part and Timing Information
---------------------------------------------------------------------------------
Loading part: xc7z010clg400-1
INFO: [Device 21-403] Loading part xc7z010clg400-1
---------------------------------------------------------------------------------
Finished Loading Part and Timing Information : Time (s): cpu = 00:00:08 ; elapsed = 00:00:09 . Memory (MB): peak = 956.453 ; gain = 580.680
---------------------------------------------------------------------------------
WARNING: [Synth 8-327] inferring latch for variable 'wreg_reg' [C:/Users/zdano/Downloads/MichalZdanowiczFinalProjectCMPEN331/MichalZdanowiczFinalProjectPart1/MichalZdanowiczFinalProjectPart1.srcs/sources_1/new/cpu.v:117]
WARNING: [Synth 8-327] inferring latch for variable 'm2reg_reg' [C:/Users/zdano/Downloads/MichalZdanowiczFinalProjectCMPEN331/MichalZdanowiczFinalProjectPart1/MichalZdanowiczFinalProjectPart1.srcs/sources_1/new/cpu.v:118]
WARNING: [Synth 8-327] inferring latch for variable 'wmem_reg' [C:/Users/zdano/Downloads/MichalZdanowiczFinalProjectCMPEN331/MichalZdanowiczFinalProjectPart1/MichalZdanowiczFinalProjectPart1.srcs/sources_1/new/cpu.v:119]
WARNING: [Synth 8-327] inferring latch for variable 'aluc_reg' [C:/Users/zdano/Downloads/MichalZdanowiczFinalProjectCMPEN331/MichalZdanowiczFinalProjectPart1/MichalZdanowiczFinalProjectPart1.srcs/sources_1/new/cpu.v:121]
WARNING: [Synth 8-327] inferring latch for variable 'wbData_reg' [C:/Users/zdano/Downloads/MichalZdanowiczFinalProjectCMPEN331/MichalZdanowiczFinalProjectPart1/MichalZdanowiczFinalProjectPart1.srcs/sources_1/new/cpu.v:454]
---------------------------------------------------------------------------------
Finished RTL Optimization Phase 2 : Time (s): cpu = 00:00:08 ; elapsed = 00:00:09 . Memory (MB): peak = 956.453 ; gain = 580.680
---------------------------------------------------------------------------------
No constraint files found.
---------------------------------------------------------------------------------
Start RTL Component Statistics 
---------------------------------------------------------------------------------
Detailed RTL Component Info : 
+---Adders : 
	   2 Input   32 Bit       Adders := 2     
	   3 Input   32 Bit       Adders := 1     
+---XORs : 
	   2 Input     32 Bit         XORs := 1     
+---Registers : 
	               32 Bit    Registers := 9     
	                5 Bit    Registers := 3     
	                4 Bit    Registers := 1     
	                1 Bit    Registers := 9     
+---Muxes : 
	   6 Input   32 Bit        Muxes := 1     
	   4 Input   32 Bit        Muxes := 2     
	   2 Input   32 Bit        Muxes := 4     
	   2 Input    5 Bit        Muxes := 1     
	   2 Input    4 Bit        Muxes := 1     
	   6 Input    4 Bit        Muxes := 1     
	   2 Input    2 Bit        Muxes := 4     
	   3 Input    1 Bit        Muxes := 1     
	   2 Input    1 Bit        Muxes := 1     
	   6 Input    1 Bit        Muxes := 1     
---------------------------------------------------------------------------------
Finished RTL Component Statistics 
---------------------------------------------------------------------------------
---------------------------------------------------------------------------------
Start Part Resource Summary
---------------------------------------------------------------------------------
Part Resources:
DSPs: 80 (col length:40)
BRAMs: 120 (col length: RAMB18 40 RAMB36 20)
---------------------------------------------------------------------------------
Finished Part Resource Summary
---------------------------------------------------------------------------------
No constraint files found.
---------------------------------------------------------------------------------
Start Cross Boundary and Area Optimization
---------------------------------------------------------------------------------
WARNING: [Synth 8-7080] Parallel synthesis criteria is not met
WARNING: [Synth 8-3332] Sequential element (ControlUnitInstance/wreg_reg) is unused and will be removed from module Datapath.
WARNING: [Synth 8-3332] Sequential element (ControlUnitInstance/wmem_reg) is unused and will be removed from module Datapath.
WARNING: [Synth 8-3332] Sequential element (WbMuxInstance/wbData_reg[31]) is unused and will be removed from module Datapath.
WARNING: [Synth 8-3332] Sequential element (WbMuxInstance/wbData_reg[30]) is unused and will be removed from module Datapath.
WARNING: [Synth 8-3332] Sequential element (WbMuxInstance/wbData_reg[29]) is unused and will be removed from module Datapath.
WARNING: [Synth 8-3332] Sequential element (WbMuxInstance/wbData_reg[28]) is unused and will be removed from module Datapath.
WARNING: [Synth 8-3332] Sequential element (WbMuxInstance/wbData_reg[27]) is unused and will be removed from module Datapath.
WARNING: [Synth 8-3332] Sequential element (WbMuxInstance/wbData_reg[26]) is unused and will be removed from module Datapath.
WARNING: [Synth 8-3332] Sequential element (WbMuxInstance/wbData_reg[25]) is unused and will be removed from module Datapath.
WARNING: [Synth 8-3332] Sequential element (WbMuxInstance/wbData_reg[24]) is unused and will be removed from module Datapath.
WARNING: [Synth 8-3332] Sequential element (WbMuxInstance/wbData_reg[23]) is unused and will be removed from module Datapath.
WARNING: [Synth 8-3332] Sequential element (WbMuxInstance/wbData_reg[22]) is unused and will be removed from module Datapath.
WARNING: [Synth 8-3332] Sequential element (WbMuxInstance/wbData_reg[21]) is unused and will be removed from module Datapath.
WARNING: [Synth 8-3332] Sequential element (WbMuxInstance/wbData_reg[20]) is unused and will be removed from module Datapath.
WARNING: [Synth 8-3332] Sequential element (WbMuxInstance/wbData_reg[19]) is unused and will be removed from module Datapath.
WARNING: [Synth 8-3332] Sequential element (WbMuxInstance/wbData_reg[18]) is unused and will be removed from module Datapath.
WARNING: [Synth 8-3332] Sequential element (WbMuxInstance/wbData_reg[17]) is unused and will be removed from module Datapath.
WARNING: [Synth 8-3332] Sequential element (WbMuxInstance/wbData_reg[16]) is unused and will be removed from module Datapath.
WARNING: [Synth 8-3332] Sequential element (WbMuxInstance/wbData_reg[15]) is unused and will be removed from module Datapath.
WARNING: [Synth 8-3332] Sequential element (WbMuxInstance/wbData_reg[14]) is unused and will be removed from module Datapath.
WARNING: [Synth 8-3332] Sequential element (WbMuxInstance/wbData_reg[13]) is unused and will be removed from module Datapath.
WARNING: [Synth 8-3332] Sequential element (WbMuxInstance/wbData_reg[12]) is unused and will be removed from module Datapath.
WARNING: [Synth 8-3332] Sequential element (WbMuxInstance/wbData_reg[11]) is unused and will be removed from module Datapath.
WARNING: [Synth 8-3332] Sequential element (WbMuxInstance/wbData_reg[10]) is unused and will be removed from module Datapath.
WARNING: [Synth 8-3332] Sequential element (WbMuxInstance/wbData_reg[9]) is unused and will be removed from module Datapath.
WARNING: [Synth 8-3332] Sequential element (WbMuxInstance/wbData_reg[8]) is unused and will be removed from module Datapath.
WARNING: [Synth 8-3332] Sequential element (WbMuxInstance/wbData_reg[7]) is unused and will be removed from module Datapath.
WARNING: [Synth 8-3332] Sequential element (WbMuxInstance/wbData_reg[6]) is unused and will be removed from module Datapath.
WARNING: [Synth 8-3332] Sequential element (WbMuxInstance/wbData_reg[5]) is unused and will be removed from module Datapath.
WARNING: [Synth 8-3332] Sequential element (WbMuxInstance/wbData_reg[4]) is unused and will be removed from module Datapath.
WARNING: [Synth 8-3332] Sequential element (WbMuxInstance/wbData_reg[3]) is unused and will be removed from module Datapath.
WARNING: [Synth 8-3332] Sequential element (WbMuxInstance/wbData_reg[2]) is unused and will be removed from module Datapath.
WARNING: [Synth 8-3332] Sequential element (WbMuxInstance/wbData_reg[1]) is unused and will be removed from module Datapath.
WARNING: [Synth 8-3332] Sequential element (WbMuxInstance/wbData_reg[0]) is unused and will be removed from module Datapath.
---------------------------------------------------------------------------------
Finished Cross Boundary and Area Optimization : Time (s): cpu = 00:00:12 ; elapsed = 00:00:25 . Memory (MB): peak = 1163.695 ; gain = 787.922
---------------------------------------------------------------------------------
---------------------------------------------------------------------------------
Start ROM, RAM, DSP, Shift Register and Retiming Reporting
---------------------------------------------------------------------------------

Distributed RAM: Preliminary Mapping Report (see note below)
+------------+------------------------------------+-----------+----------------------+----------------+
|Module Name | RTL Object                         | Inference | Size (Depth x Width) | Primitives     | 
+------------+------------------------------------+-----------+----------------------+----------------+
|Datapath    | RegisterFileInstance/registers_reg | Implied   | 32 x 32              | RAM32M x 12    | 
|Datapath    | DataMemoryInstance/memory_reg      | Implied   | 64 x 32              | RAM64X1S x 32  | 
+------------+------------------------------------+-----------+----------------------+----------------+

Note: The table above is a preliminary report that shows the Distributed RAMs at the current stage of the synthesis flow. Some Distributed RAMs may be reimplemented as non Distributed RAM primitives later in the synthesis flow. Multiple instantiated RAMs are reported only once.
---------------------------------------------------------------------------------
Finished ROM, RAM, DSP, Shift Register and Retiming Reporting
---------------------------------------------------------------------------------
No constraint files found.
---------------------------------------------------------------------------------
Start Timing Optimization
---------------------------------------------------------------------------------
---------------------------------------------------------------------------------
Finished Timing Optimization : Time (s): cpu = 00:00:13 ; elapsed = 00:00:25 . Memory (MB): peak = 1163.695 ; gain = 787.922
---------------------------------------------------------------------------------
---------------------------------------------------------------------------------
Start ROM, RAM, DSP, Shift Register and Retiming Reporting
---------------------------------------------------------------------------------

Distributed RAM: Final Mapping Report
+------------+------------------------------------+-----------+----------------------+----------------+
|Module Name | RTL Object                         | Inference | Size (Depth x Width) | Primitives     | 
+------------+------------------------------------+-----------+----------------------+----------------+
|Datapath    | RegisterFileInstance/registers_reg | Implied   | 32 x 32              | RAM32M x 12    | 
|Datapath    | DataMemoryInstance/memory_reg      | Implied   | 64 x 32              | RAM64X1S x 32  | 
+------------+------------------------------------+-----------+----------------------+----------------+

---------------------------------------------------------------------------------
Finished ROM, RAM, DSP, Shift Register and Retiming Reporting
---------------------------------------------------------------------------------
---------------------------------------------------------------------------------
Start Technology Mapping
---------------------------------------------------------------------------------
---------------------------------------------------------------------------------
Finished Technology Mapping : Time (s): cpu = 00:00:13 ; elapsed = 00:00:25 . Memory (MB): peak = 1170.535 ; gain = 794.762
---------------------------------------------------------------------------------
---------------------------------------------------------------------------------
Start IO Insertion
---------------------------------------------------------------------------------
---------------------------------------------------------------------------------
Start Flattening Before IO Insertion
---------------------------------------------------------------------------------
---------------------------------------------------------------------------------
Finished Flattening Before IO Insertion
---------------------------------------------------------------------------------
---------------------------------------------------------------------------------
Start Final Netlist Cleanup
---------------------------------------------------------------------------------
---------------------------------------------------------------------------------
Finished Final Netlist Cleanup
---------------------------------------------------------------------------------
---------------------------------------------------------------------------------
Finished IO Insertion : Time (s): cpu = 00:00:16 ; elapsed = 00:00:29 . Memory (MB): peak = 1359.320 ; gain = 983.547
---------------------------------------------------------------------------------
---------------------------------------------------------------------------------
Start Renaming Generated Instances
---------------------------------------------------------------------------------
---------------------------------------------------------------------------------
Finished Renaming Generated Instances : Time (s): cpu = 00:00:16 ; elapsed = 00:00:29 . Memory (MB): peak = 1359.320 ; gain = 983.547
---------------------------------------------------------------------------------
---------------------------------------------------------------------------------
Start Rebuilding User Hierarchy
---------------------------------------------------------------------------------
---------------------------------------------------------------------------------
Finished Rebuilding User Hierarchy : Time (s): cpu = 00:00:16 ; elapsed = 00:00:29 . Memory (MB): peak = 1359.320 ; gain = 983.547
---------------------------------------------------------------------------------
---------------------------------------------------------------------------------
Start Renaming Generated Ports
---------------------------------------------------------------------------------
---------------------------------------------------------------------------------
Finished Renaming Generated Ports : Time (s): cpu = 00:00:16 ; elapsed = 00:00:29 . Memory (MB): peak = 1359.320 ; gain = 983.547
---------------------------------------------------------------------------------
---------------------------------------------------------------------------------
Start Handling Custom Attributes
---------------------------------------------------------------------------------
---------------------------------------------------------------------------------
Finished Handling Custom Attributes : Time (s): cpu = 00:00:16 ; elapsed = 00:00:29 . Memory (MB): peak = 1359.320 ; gain = 983.547
---------------------------------------------------------------------------------
---------------------------------------------------------------------------------
Start Renaming Generated Nets
---------------------------------------------------------------------------------
---------------------------------------------------------------------------------
Finished Renaming Generated Nets : Time (s): cpu = 00:00:16 ; elapsed = 00:00:29 . Memory (MB): peak = 1359.320 ; gain = 983.547
---------------------------------------------------------------------------------
---------------------------------------------------------------------------------
Start Writing Synthesis Report
---------------------------------------------------------------------------------

Report BlackBoxes: 
+-+--------------+----------+
| |BlackBox name |Instances |
+-+--------------+----------+
+-+--------------+----------+

Report Cell Usage: 
+------+---------+------+
|      |Cell     |Count |
+------+---------+------+
|1     |BUFG     |     1|
|2     |CARRY4   |    24|
|3     |LUT1     |     4|
|4     |LUT2     |    84|
|5     |LUT3     |     3|
|6     |LUT4     |    32|
|7     |LUT5     |     1|
|8     |LUT6     |   101|
|9     |MUXF7    |    32|
|10    |RAM32M   |    10|
|11    |RAM32X1D |     4|
|12    |RAM64X1S |    12|
|13    |FDRE     |   226|
|14    |LD       |     4|
|15    |IBUF     |     1|
|16    |OBUF     |   416|
+------+---------+------+

Report Instance Areas: 
+------+---------------------------------+-----------------------+------+
|      |Instance                         |Module                 |Cells |
+------+---------------------------------+-----------------------+------+
|1     |top                              |                       |   955|
|2     |  DataMemoryInstance             |DataMemory             |    12|
|3     |  ALUInstance                    |ALU                    |    16|
|4     |  ControlUnitInstance            |ControlUnit            |     4|
|5     |  EXEMEMPipelineRegisterInstance |EXEMEMPipelineRegister |    84|
|6     |  IdexePipelineRegisterInstance  |IdexePipelineRegister  |   301|
|7     |  IfidPipelineRegisterInstance   |IfidPiplineRegister    |    12|
|8     |  MEMWBPipelineRegisterInstance  |MEMWBPipelineRegister  |    47|
|9     |  ProgramCounterInstance         |ProgramCounter         |    46|
|10    |  RegisterFileInstance           |RegisterFile           |    14|
+------+---------------------------------+-----------------------+------+
---------------------------------------------------------------------------------
Finished Writing Synthesis Report : Time (s): cpu = 00:00:16 ; elapsed = 00:00:29 . Memory (MB): peak = 1359.320 ; gain = 983.547
---------------------------------------------------------------------------------
Synthesis finished with 0 errors, 0 critical warnings and 127 warnings.
Synthesis Optimization Runtime : Time (s): cpu = 00:00:16 ; elapsed = 00:00:29 . Memory (MB): peak = 1359.320 ; gain = 983.547
Synthesis Optimization Complete : Time (s): cpu = 00:00:16 ; elapsed = 00:00:29 . Memory (MB): peak = 1359.320 ; gain = 983.547
INFO: [Project 1-571] Translating synthesized netlist
Netlist sorting complete. Time (s): cpu = 00:00:00 ; elapsed = 00:00:00.008 . Memory (MB): peak = 1374.375 ; gain = 0.000
INFO: [Netlist 29-17] Analyzing 86 Unisim elements for replacement
INFO: [Netlist 29-28] Unisim Transformation completed in 0 CPU seconds
INFO: [Project 1-570] Preparing netlist for logic optimization
INFO: [Opt 31-138] Pushed 1 inverter(s) to 26 load pin(s).
Netlist sorting complete. Time (s): cpu = 00:00:00 ; elapsed = 00:00:00 . Memory (MB): peak = 1489.863 ; gain = 0.000
INFO: [Project 1-111] Unisim Transformation Summary:
  A total of 30 instances were transformed.
  LD => LDCE: 4 instances
  RAM32M => RAM32M (inverted pins: WCLK) (RAMD32(x6), RAMS32(x2)): 10 instances
  RAM32X1D => RAM32X1D (inverted pins: WCLK) (RAMD32(x2)): 4 instances
  RAM64X1S => RAM64X1S (inverted pins: WCLK) (RAMS64E): 12 instances

Synth Design complete | Checksum: a62405d0
INFO: [Common 17-83] Releasing license: Synthesis
54 Infos, 127 Warnings, 0 Critical Warnings and 0 Errors encountered.
synth_design completed successfully
synth_design: Time (s): cpu = 00:00:18 ; elapsed = 00:00:32 . Memory (MB): peak = 1489.863 ; gain = 1119.309
Write ShapeDB Complete: Time (s): cpu = 00:00:00 ; elapsed = 00:00:00.007 . Memory (MB): peak = 1489.863 ; gain = 0.000
INFO: [Common 17-1381] The checkpoint 'C:/Users/zdano/Downloads/MichalZdanowiczFinalProjectCMPEN331/MichalZdanowiczFinalProjectPart1/MichalZdanowiczFinalProjectPart1.runs/synth_1/Datapath.dcp' has been generated.
INFO: [Vivado 12-24828] Executing command : report_utilization -file Datapath_utilization_synth.rpt -pb Datapath_utilization_synth.pb
INFO: [Common 17-206] Exiting Vivado at Thu May  8 16:22:14 2025...
