Vivado Simulator v2024.2.0
Copyright 1986-2022 Xilinx, Inc. All Rights Reserved.
Copyright 2022-2024 Advanced Micro Devices, Inc. All Rights Reserved.
Running: C:/Xilinx/Vivado/2024.2/bin/unwrapped/win64.o/xelab.exe --incr --debug typical --relax --mt 2 -L xil_defaultlib -L unisims_ver -L unimacro_ver -L secureip --snapshot testbench_behav xil_defaultlib.testbench xil_defaultlib.glbl -log elaborate.log 
Using 2 slave threads.
Starting static elaboration
Pass Through NonSizing Optimizer
Completed static elaboration
Starting simulation data flow analysis
Completed simulation data flow analysis
Time Resolution for simulation is 1ps
Compiling module xil_defaultlib.ProgramCounter
Compiling module xil_defaultlib.PcAdder
Compiling module xil_defaultlib.InstructionMemory
Compiling module xil_defaultlib.IfidPiplineRegister
Compiling module xil_defaultlib.ControlUnit
Compiling module xil_defaultlib.ForwardingMuxA
Compiling module xil_defaultlib.ForwardingMuxB
Compiling module xil_defaultlib.RegrtMultiplexer
Compiling module xil_defaultlib.RegisterFile
Compiling module xil_defaultlib.ImmediateExtender
Compiling module xil_defaultlib.IdexePipelineRegister
Compiling module xil_defaultlib.ALUMux
Compiling module xil_defaultlib.ALU
Compiling module xil_defaultlib.EXEMEMPipelineRegister
Compiling module xil_defaultlib.DataMemory
Compiling module xil_defaultlib.MEMWBPipelineRegister
Compiling module xil_defaultlib.WbMux
Compiling module xil_defaultlib.Datapath
Compiling module xil_defaultlib.testbench
Compiling module xil_defaultlib.glbl
Built simulation snapshot testbench_behav
