Vivado Simulator v2025.1.0
Copyright 1986-2022 Xilinx, Inc. All Rights Reserved.
Copyright 2022-2025 Advanced Micro Devices, Inc. All Rights Reserved.
Running: /home/mzlinux/2025.1/Vivado/bin/unwrapped/lnx64.o/xelab --incr --debug typical --relax --mt 8 -L xil_defaultlib -L unisims_ver -L unimacro_ver -L secureip --snapshot testbench_behav xil_defaultlib.testbench xil_defaultlib.glbl -log elaborate.log 
Using 8 slave threads.
WARNING: [XSIM 43-3431] One or more environment variables have been detected which affect the operation of the C compiler. These are typically not set in standard installations and are not tested by AMD, however they may be appropriate for your system, so the flow will attempt to continue.  If errors occur, try running xelab with the "-mt off -v 1" switches to see more information from the C compiler. The following environment variables have been detected:
Starting static elaboration
Pass Through NonSizing Optimizer
Completed static elaboration
Starting simulation data flow analysis
Completed simulation data flow analysis
Time Resolution for simulation is 1ps
Compiling module xil_defaultlib.ProgramCounter
Compiling module xil_defaultlib.PcAdder
Compiling module xil_defaultlib.InstructionMemory
Compiling module xil_defaultlib.IfidPiplineRegister
Compiling module xil_defaultlib.ControlUnit
Compiling module xil_defaultlib.ForwardingMuxA
Compiling module xil_defaultlib.ForwardingMuxB
Compiling module xil_defaultlib.RegrtMultiplexer
Compiling module xil_defaultlib.RegisterFile
Compiling module xil_defaultlib.ImmediateExtender
Compiling module xil_defaultlib.IdexePipelineRegister
Compiling module xil_defaultlib.ALUMux
Compiling module xil_defaultlib.ALU
Compiling module xil_defaultlib.EXEMEMPipelineRegister
Compiling module xil_defaultlib.DataMemory
Compiling module xil_defaultlib.MEMWBPipelineRegister
Compiling module xil_defaultlib.WbMux
Compiling module xil_defaultlib.Datapath
Compiling module xil_defaultlib.testbench
Compiling module xil_defaultlib.glbl
Built simulation snapshot testbench_behav
